20:06:28 - INFO - Using Guardfile at /workspaces/hanami-data-analyzer-api/Guardfile.
DEPRECATION WARNING: Lumberjack.unit_of_work will be removed in version 2.0. Use Lumberjack::Logger#tag(unit_of_work: id) instead. Called from /usr/local/rvm/gems/ruby-3.4.7/gems/guard-2.19.1/lib/guard/runner.rb:18:in 'Guard::Runner#run'
20:06:28 - INFO - Puma starting on port 3000 in development environment.
20:06:28 - INFO - Guard is now watching at '/workspaces/hanami-data-analyzer-api'
Puma starting in single mode...
* Puma version: 7.1.0 ("Neon Witch")
* Ruby version: ruby 3.4.7 (2025-10-08 revision 7a5688e2a2) +PRISM [x86_64-linux]
*  Min threads: 5
*  Max threads: 5
*  Environment: development
*          PID: 9094
* Listening on http://0.0.0.0:3000
* Starting control server on http://127.0.0.1:9293
* Starting control server on http://[::1]:9293
Use Ctrl-C to stop
2026-01-01 20:06:31 +0000 Rack app ("GET /" - (127.0.0.1)): #<Hanami::SliceLoadError: DataAnalyzerApi::App must be prepared before loading the router>
2026-01-01 20:06:37 +0000 Rack app ("GET /" - (187.54.152.81)): #<Hanami::SliceLoadError: DataAnalyzerApi::App must be prepared before loading the router>
2026-01-01 20:06:38 +0000 Rack app ("GET /favicon.ico" - (187.54.152.81)): #<Hanami::SliceLoadError: DataAnalyzerApi::App must be prepared before loading the router>
20:07:39 - INFO - Restarting Puma...
20:07:39 - INFO - Puma restarted
* Restarting...
Puma starting in single mode...
* Puma version: 7.1.0 ("Neon Witch")
* Ruby version: ruby 3.4.7 (2025-10-08 revision 7a5688e2a2) +PRISM [x86_64-linux]
*  Min threads: 5
*  Max threads: 5
*  Environment: development
*          PID: 9094
* Inherited tcp://0.0.0.0:3000
* Starting control server on http://127.0.0.1:9293
* Starting control server on http://[::1]:9293
Use Ctrl-C to stop
20:08:16 - INFO - Restarting Puma...
20:08:16 - INFO - Puma restarted
* Restarting...
Puma starting in single mode...
* Puma version: 7.1.0 ("Neon Witch")
* Ruby version: ruby 3.4.7 (2025-10-08 revision 7a5688e2a2) +PRISM [x86_64-linux]
*  Min threads: 5
*  Max threads: 5
*  Environment: development
*          PID: 9094
* Inherited tcp://0.0.0.0:3000
* Starting control server on http://127.0.0.1:9293
* Starting control server on http://[::1]:9293
Use Ctrl-C to stop
20:08:46 - INFO - Restarting Puma...
20:08:46 - INFO - Puma restarted
* Restarting...
Puma starting in single mode...
* Puma version: 7.1.0 ("Neon Witch")
* Ruby version: ruby 3.4.7 (2025-10-08 revision 7a5688e2a2) +PRISM [x86_64-linux]
*  Min threads: 5
*  Max threads: 5
*  Environment: development
*          PID: 9094
! Unable to load application: Hanami::SliceLoadError: Slice 'api' is already registered
/usr/local/rvm/gems/ruby-3.4.7/gems/hanami-2.3.2/lib/hanami/slice_registrar.rb:27:in 'Hanami::SliceRegistrar#register': Slice 'api' is already registered (Hanami::SliceLoadError)
	from /usr/local/rvm/gems/ruby-3.4.7/gems/hanami-2.3.2/lib/hanami/slice_registrar.rb:115:in 'Hanami::SliceRegistrar#load_slice'
	from /usr/local/rvm/gems/ruby-3.4.7/gems/hanami-2.3.2/lib/hanami/slice_registrar.rb:58:in 'Array#each'
	from /usr/local/rvm/gems/ruby-3.4.7/gems/hanami-2.3.2/lib/hanami/slice_registrar.rb:58:in 'Hanami::SliceRegistrar#load_slices'
	from /usr/local/rvm/gems/ruby-3.4.7/gems/hanami-2.3.2/lib/hanami/slice.rb:991:in 'Hanami::Slice::ClassMethods#prepare_slices'
	from /usr/local/rvm/gems/ruby-3.4.7/gems/hanami-2.3.2/lib/hanami/slice.rb:831:in 'Hanami::Slice::ClassMethods#prepare_slice'
	from /usr/local/rvm/gems/ruby-3.4.7/gems/hanami-2.3.2/lib/hanami/slice.rb:286:in 'Hanami::Slice::ClassMethods#prepare'
	from /workspaces/hanami-data-analyzer-api/config/app.rb:13:in '<top (required)>'
	from config.ru:1:in 'Kernel#require_relative'
	from config.ru:1:in 'block (2 levels) in <top (required)>'
	from /usr/local/rvm/gems/ruby-3.4.7/gems/rack-3.2.4/lib/rack/builder.rb:108:in 'Kernel#eval'
	from /usr/local/rvm/gems/ruby-3.4.7/gems/rack-3.2.4/lib/rack/builder.rb:108:in 'Rack::Builder.new_from_string'
	from /usr/local/rvm/gems/ruby-3.4.7/gems/rack-3.2.4/lib/rack/builder.rb:97:in 'Rack::Builder.load_file'
	from /usr/local/rvm/gems/ruby-3.4.7/gems/rack-3.2.4/lib/rack/builder.rb:67:in 'Rack::Builder.parse_file'
	from /usr/local/rvm/gems/ruby-3.4.7/gems/puma-7.1.0/lib/puma/configuration.rb:414:in 'Puma::Configuration#load_rackup'
	from /usr/local/rvm/gems/ruby-3.4.7/gems/puma-7.1.0/lib/puma/configuration.rb:318:in 'Puma::Configuration#app'
	from /usr/local/rvm/gems/ruby-3.4.7/gems/puma-7.1.0/lib/puma/runner.rb:160:in 'Puma::Runner#load_and_bind'
	from /usr/local/rvm/gems/ruby-3.4.7/gems/puma-7.1.0/lib/puma/single.rb:44:in 'Puma::Single#run'
	from /usr/local/rvm/gems/ruby-3.4.7/gems/puma-7.1.0/lib/puma/launcher.rb:207:in 'Puma::Launcher#run'
	from /usr/local/rvm/gems/ruby-3.4.7/gems/puma-7.1.0/lib/puma/cli.rb:73:in 'Puma::CLI#run'
	from /usr/local/rvm/gems/ruby-3.4.7/gems/puma-7.1.0/bin/puma:10:in '<top (required)>'
	from /usr/local/rvm/gems/ruby-3.4.7/bin/puma:25:in 'Kernel#load'
	from /usr/local/rvm/gems/ruby-3.4.7/bin/puma:25:in '<main>'
20:10:19 - INFO - Restarting Puma...
20:10:20 - INFO - Puma restarted
Puma starting in single mode...
* Puma version: 7.1.0 ("Neon Witch")
* Ruby version: ruby 3.4.7 (2025-10-08 revision 7a5688e2a2) +PRISM [x86_64-linux]
*  Min threads: 5
*  Max threads: 5
*  Environment: development
*          PID: 11666
! Unable to load application: Hanami::SliceLoadError: Slice 'api' is already registered
/usr/local/rvm/gems/ruby-3.4.7/gems/hanami-2.3.2/lib/hanami/slice_registrar.rb:27:in 'Hanami::SliceRegistrar#register': Slice 'api' is already registered (Hanami::SliceLoadError)
	from /usr/local/rvm/gems/ruby-3.4.7/gems/hanami-2.3.2/lib/hanami/slice_registrar.rb:115:in 'Hanami::SliceRegistrar#load_slice'
	from /usr/local/rvm/gems/ruby-3.4.7/gems/hanami-2.3.2/lib/hanami/slice_registrar.rb:58:in 'Array#each'
	from /usr/local/rvm/gems/ruby-3.4.7/gems/hanami-2.3.2/lib/hanami/slice_registrar.rb:58:in 'Hanami::SliceRegistrar#load_slices'
	from /usr/local/rvm/gems/ruby-3.4.7/gems/hanami-2.3.2/lib/hanami/slice.rb:991:in 'Hanami::Slice::ClassMethods#prepare_slices'
	from /usr/local/rvm/gems/ruby-3.4.7/gems/hanami-2.3.2/lib/hanami/slice.rb:831:in 'Hanami::Slice::ClassMethods#prepare_slice'
	from /usr/local/rvm/gems/ruby-3.4.7/gems/hanami-2.3.2/lib/hanami/slice.rb:286:in 'Hanami::Slice::ClassMethods#prepare'
	from /workspaces/hanami-data-analyzer-api/config/app.rb:13:in '<top (required)>'
	from config.ru:1:in 'Kernel#require_relative'
	from config.ru:1:in 'block (2 levels) in <top (required)>'
	from /usr/local/rvm/gems/ruby-3.4.7/gems/rack-3.2.4/lib/rack/builder.rb:108:in 'Kernel#eval'
	from /usr/local/rvm/gems/ruby-3.4.7/gems/rack-3.2.4/lib/rack/builder.rb:108:in 'Rack::Builder.new_from_string'
	from /usr/local/rvm/gems/ruby-3.4.7/gems/rack-3.2.4/lib/rack/builder.rb:97:in 'Rack::Builder.load_file'
	from /usr/local/rvm/gems/ruby-3.4.7/gems/rack-3.2.4/lib/rack/builder.rb:67:in 'Rack::Builder.parse_file'
	from /usr/local/rvm/gems/ruby-3.4.7/gems/puma-7.1.0/lib/puma/configuration.rb:414:in 'Puma::Configuration#load_rackup'
	from /usr/local/rvm/gems/ruby-3.4.7/gems/puma-7.1.0/lib/puma/configuration.rb:318:in 'Puma::Configuration#app'
	from /usr/local/rvm/gems/ruby-3.4.7/gems/puma-7.1.0/lib/puma/runner.rb:160:in 'Puma::Runner#load_and_bind'
	from /usr/local/rvm/gems/ruby-3.4.7/gems/puma-7.1.0/lib/puma/single.rb:44:in 'Puma::Single#run'
	from /usr/local/rvm/gems/ruby-3.4.7/gems/puma-7.1.0/lib/puma/launcher.rb:207:in 'Puma::Launcher#run'
	from /usr/local/rvm/gems/ruby-3.4.7/gems/puma-7.1.0/lib/puma/cli.rb:73:in 'Puma::CLI#run'
	from /usr/local/rvm/gems/ruby-3.4.7/gems/puma-7.1.0/bin/puma:10:in '<top (required)>'
	from /usr/local/rvm/gems/ruby-3.4.7/bin/puma:25:in 'Kernel#load'
	from /usr/local/rvm/gems/ruby-3.4.7/bin/puma:25:in '<main>'
	from /usr/local/rvm/gems/ruby-3.4.7/bin/ruby_executable_hooks:22:in 'Kernel#eval'
	from /usr/local/rvm/gems/ruby-3.4.7/bin/ruby_executable_hooks:22:in '<main>'
20:10:55 - INFO - Restarting Puma...
20:10:55 - INFO - Puma restarted
Puma starting in single mode...
* Puma version: 7.1.0 ("Neon Witch")
* Ruby version: ruby 3.4.7 (2025-10-08 revision 7a5688e2a2) +PRISM [x86_64-linux]
*  Min threads: 5
*  Max threads: 5
*  Environment: development
*          PID: 12049
! Unable to load application: Hanami::SliceLoadError: Slice 'api' is already registered
/usr/local/rvm/gems/ruby-3.4.7/gems/hanami-2.3.2/lib/hanami/slice_registrar.rb:27:in 'Hanami::SliceRegistrar#register': Slice 'api' is already registered (Hanami::SliceLoadError)
	from /usr/local/rvm/gems/ruby-3.4.7/gems/hanami-2.3.2/lib/hanami/slice_registrar.rb:115:in 'Hanami::SliceRegistrar#load_slice'
	from /usr/local/rvm/gems/ruby-3.4.7/gems/hanami-2.3.2/lib/hanami/slice_registrar.rb:58:in 'Array#each'
	from /usr/local/rvm/gems/ruby-3.4.7/gems/hanami-2.3.2/lib/hanami/slice_registrar.rb:58:in 'Hanami::SliceRegistrar#load_slices'
	from /usr/local/rvm/gems/ruby-3.4.7/gems/hanami-2.3.2/lib/hanami/slice.rb:991:in 'Hanami::Slice::ClassMethods#prepare_slices'
	from /usr/local/rvm/gems/ruby-3.4.7/gems/hanami-2.3.2/lib/hanami/slice.rb:831:in 'Hanami::Slice::ClassMethods#prepare_slice'
	from /usr/local/rvm/gems/ruby-3.4.7/gems/hanami-2.3.2/lib/hanami/slice.rb:286:in 'Hanami::Slice::ClassMethods#prepare'
	from /workspaces/hanami-data-analyzer-api/config/app.rb:13:in '<top (required)>'
	from config.ru:1:in 'Kernel#require_relative'
	from config.ru:1:in 'block (2 levels) in <top (required)>'
	from /usr/local/rvm/gems/ruby-3.4.7/gems/rack-3.2.4/lib/rack/builder.rb:108:in 'Kernel#eval'
	from /usr/local/rvm/gems/ruby-3.4.7/gems/rack-3.2.4/lib/rack/builder.rb:108:in 'Rack::Builder.new_from_string'
	from /usr/local/rvm/gems/ruby-3.4.7/gems/rack-3.2.4/lib/rack/builder.rb:97:in 'Rack::Builder.load_file'
	from /usr/local/rvm/gems/ruby-3.4.7/gems/rack-3.2.4/lib/rack/builder.rb:67:in 'Rack::Builder.parse_file'
	from /usr/local/rvm/gems/ruby-3.4.7/gems/puma-7.1.0/lib/puma/configuration.rb:414:in 'Puma::Configuration#load_rackup'
	from /usr/local/rvm/gems/ruby-3.4.7/gems/puma-7.1.0/lib/puma/configuration.rb:318:in 'Puma::Configuration#app'
	from /usr/local/rvm/gems/ruby-3.4.7/gems/puma-7.1.0/lib/puma/runner.rb:160:in 'Puma::Runner#load_and_bind'
	from /usr/local/rvm/gems/ruby-3.4.7/gems/puma-7.1.0/lib/puma/single.rb:44:in 'Puma::Single#run'
	from /usr/local/rvm/gems/ruby-3.4.7/gems/puma-7.1.0/lib/puma/launcher.rb:207:in 'Puma::Launcher#run'
	from /usr/local/rvm/gems/ruby-3.4.7/gems/puma-7.1.0/lib/puma/cli.rb:73:in 'Puma::CLI#run'
	from /usr/local/rvm/gems/ruby-3.4.7/gems/puma-7.1.0/bin/puma:10:in '<top (required)>'
	from /usr/local/rvm/gems/ruby-3.4.7/bin/puma:25:in 'Kernel#load'
	from /usr/local/rvm/gems/ruby-3.4.7/bin/puma:25:in '<main>'
	from /usr/local/rvm/gems/ruby-3.4.7/bin/ruby_executable_hooks:22:in 'Kernel#eval'
	from /usr/local/rvm/gems/ruby-3.4.7/bin/ruby_executable_hooks:22:in '<main>'
20:10:59 - INFO - Restarting Puma...
20:10:59 - INFO - Puma restarted
Puma starting in single mode...
* Puma version: 7.1.0 ("Neon Witch")
* Ruby version: ruby 3.4.7 (2025-10-08 revision 7a5688e2a2) +PRISM [x86_64-linux]
*  Min threads: 5
*  Max threads: 5
*  Environment: development
*          PID: 12194
! Unable to load application: Hanami::SliceLoadError: Slice 'api' is already registered
/usr/local/rvm/gems/ruby-3.4.7/gems/hanami-2.3.2/lib/hanami/slice_registrar.rb:27:in 'Hanami::SliceRegistrar#register': Slice 'api' is already registered (Hanami::SliceLoadError)
	from /usr/local/rvm/gems/ruby-3.4.7/gems/hanami-2.3.2/lib/hanami/slice_registrar.rb:115:in 'Hanami::SliceRegistrar#load_slice'
	from /usr/local/rvm/gems/ruby-3.4.7/gems/hanami-2.3.2/lib/hanami/slice_registrar.rb:58:in 'Array#each'
	from /usr/local/rvm/gems/ruby-3.4.7/gems/hanami-2.3.2/lib/hanami/slice_registrar.rb:58:in 'Hanami::SliceRegistrar#load_slices'
	from /usr/local/rvm/gems/ruby-3.4.7/gems/hanami-2.3.2/lib/hanami/slice.rb:991:in 'Hanami::Slice::ClassMethods#prepare_slices'
	from /usr/local/rvm/gems/ruby-3.4.7/gems/hanami-2.3.2/lib/hanami/slice.rb:831:in 'Hanami::Slice::ClassMethods#prepare_slice'
	from /usr/local/rvm/gems/ruby-3.4.7/gems/hanami-2.3.2/lib/hanami/slice.rb:286:in 'Hanami::Slice::ClassMethods#prepare'
	from /workspaces/hanami-data-analyzer-api/config/app.rb:13:in '<top (required)>'
	from config.ru:1:in 'Kernel#require_relative'
	from config.ru:1:in 'block (2 levels) in <top (required)>'
	from /usr/local/rvm/gems/ruby-3.4.7/gems/rack-3.2.4/lib/rack/builder.rb:108:in 'Kernel#eval'
	from /usr/local/rvm/gems/ruby-3.4.7/gems/rack-3.2.4/lib/rack/builder.rb:108:in 'Rack::Builder.new_from_string'
	from /usr/local/rvm/gems/ruby-3.4.7/gems/rack-3.2.4/lib/rack/builder.rb:97:in 'Rack::Builder.load_file'
	from /usr/local/rvm/gems/ruby-3.4.7/gems/rack-3.2.4/lib/rack/builder.rb:67:in 'Rack::Builder.parse_file'
	from /usr/local/rvm/gems/ruby-3.4.7/gems/puma-7.1.0/lib/puma/configuration.rb:414:in 'Puma::Configuration#load_rackup'
	from /usr/local/rvm/gems/ruby-3.4.7/gems/puma-7.1.0/lib/puma/configuration.rb:318:in 'Puma::Configuration#app'
	from /usr/local/rvm/gems/ruby-3.4.7/gems/puma-7.1.0/lib/puma/runner.rb:160:in 'Puma::Runner#load_and_bind'
	from /usr/local/rvm/gems/ruby-3.4.7/gems/puma-7.1.0/lib/puma/single.rb:44:in 'Puma::Single#run'
	from /usr/local/rvm/gems/ruby-3.4.7/gems/puma-7.1.0/lib/puma/launcher.rb:207:in 'Puma::Launcher#run'
	from /usr/local/rvm/gems/ruby-3.4.7/gems/puma-7.1.0/lib/puma/cli.rb:73:in 'Puma::CLI#run'
	from /usr/local/rvm/gems/ruby-3.4.7/gems/puma-7.1.0/bin/puma:10:in '<top (required)>'
	from /usr/local/rvm/gems/ruby-3.4.7/bin/puma:25:in 'Kernel#load'
	from /usr/local/rvm/gems/ruby-3.4.7/bin/puma:25:in '<main>'
	from /usr/local/rvm/gems/ruby-3.4.7/bin/ruby_executable_hooks:22:in 'Kernel#eval'
	from /usr/local/rvm/gems/ruby-3.4.7/bin/ruby_executable_hooks:22:in '<main>'
20:16:13 - INFO - Restarting Puma...
20:16:13 - INFO - Puma restarted
Puma starting in single mode...
* Puma version: 7.1.0 ("Neon Witch")
* Ruby version: ruby 3.4.7 (2025-10-08 revision 7a5688e2a2) +PRISM [x86_64-linux]
*  Min threads: 5
*  Max threads: 5
*  Environment: development
*          PID: 14539
/usr/local/rvm/gems/ruby-3.4.7/gems/puma-7.1.0/lib/puma/binder.rb:344:in 'TCPServer#initialize': Address already in use - bind(2) for "0.0.0.0" port 3000 (Errno::EADDRINUSE)
	from /usr/local/rvm/gems/ruby-3.4.7/gems/puma-7.1.0/lib/puma/binder.rb:344:in 'IO.new'
	from /usr/local/rvm/gems/ruby-3.4.7/gems/puma-7.1.0/lib/puma/binder.rb:344:in 'Puma::Binder#add_tcp_listener'
	from /usr/local/rvm/gems/ruby-3.4.7/gems/puma-7.1.0/lib/puma/binder.rb:173:in 'block in Puma::Binder#parse'
	from /usr/local/rvm/gems/ruby-3.4.7/gems/puma-7.1.0/lib/puma/binder.rb:156:in 'Array#each'
	from /usr/local/rvm/gems/ruby-3.4.7/gems/puma-7.1.0/lib/puma/binder.rb:156:in 'Puma::Binder#parse'
	from /usr/local/rvm/gems/ruby-3.4.7/gems/puma-7.1.0/lib/puma/runner.rb:166:in 'Puma::Runner#load_and_bind'
	from /usr/local/rvm/gems/ruby-3.4.7/gems/puma-7.1.0/lib/puma/single.rb:44:in 'Puma::Single#run'
	from /usr/local/rvm/gems/ruby-3.4.7/gems/puma-7.1.0/lib/puma/launcher.rb:207:in 'Puma::Launcher#run'
	from /usr/local/rvm/gems/ruby-3.4.7/gems/puma-7.1.0/lib/puma/cli.rb:73:in 'Puma::CLI#run'
	from /usr/local/rvm/gems/ruby-3.4.7/gems/puma-7.1.0/bin/puma:10:in '<top (required)>'
	from /usr/local/rvm/gems/ruby-3.4.7/bin/puma:25:in 'Kernel#load'
	from /usr/local/rvm/gems/ruby-3.4.7/bin/puma:25:in '<main>'
	from /usr/local/rvm/gems/ruby-3.4.7/bin/ruby_executable_hooks:22:in 'Kernel#eval'
	from /usr/local/rvm/gems/ruby-3.4.7/bin/ruby_executable_hooks:22:in '<main>'
20:16:38 - INFO - Restarting Puma...
20:16:38 - INFO - Puma restarted
20:17:14 - INFO - Restarting Puma...
20:17:14 - INFO - Puma restarted
20:20:32 - INFO - Restarting Puma...
20:20:32 - INFO - Puma restarted
20:21:20 - INFO - Restarting Puma...
20:21:20 - INFO - Puma restarted
20:22:01 - INFO - Restarting Puma...
20:22:01 - INFO - Puma restarted
20:48:13 - INFO - Restarting Puma...
20:48:13 - INFO - Puma restarted
